<?xml version="1.0" encoding="UTF-8"?>
<testsuite xmlns:xsi="http://www.w3.org/2001/XMLSchema-instance" xsi:noNamespaceSchemaLocation="https://maven.apache.org/surefire/maven-surefire-plugin/xsd/surefire-test-report-3.0.xsd" version="3.0" name="persistence.XmlGameSaveRepositoryTest" time="0.112" tests="4" errors="0" skipped="0" failures="0">
  <properties>
    <property name="sun.desktop" value="windows"/>
    <property name="awt.toolkit" value="sun.awt.windows.WToolkit"/>
    <property name="java.specification.version" value="11"/>
    <property name="sun.cpu.isalist" value="amd64"/>
    <property name="sun.jnu.encoding" value="Cp1252"/>
    <property name="java.class.path" value="C:\Users\Jánócsik Csaba\IdeaProjects\battleship-vedes\target\test-classes;C:\Users\Jánócsik Csaba\IdeaProjects\battleship-vedes\target\classes;C:\Users\Jánócsik Csaba\.m2\repository\ch\qos\logback\logback-classic\1.2.10\logback-classic-1.2.10.jar;C:\Users\Jánócsik Csaba\.m2\repository\ch\qos\logback\logback-core\1.2.10\logback-core-1.2.10.jar;C:\Users\Jánócsik Csaba\.m2\repository\org\slf4j\slf4j-api\1.7.32\slf4j-api-1.7.32.jar;C:\Users\Jánócsik Csaba\.m2\repository\org\junit\jupiter\junit-jupiter-api\5.8.2\junit-jupiter-api-5.8.2.jar;C:\Users\Jánócsik Csaba\.m2\repository\org\opentest4j\opentest4j\1.2.0\opentest4j-1.2.0.jar;C:\Users\Jánócsik Csaba\.m2\repository\org\junit\platform\junit-platform-commons\1.8.2\junit-platform-commons-1.8.2.jar;C:\Users\Jánócsik Csaba\.m2\repository\org\apiguardian\apiguardian-api\1.1.2\apiguardian-api-1.1.2.jar;C:\Users\Jánócsik Csaba\.m2\repository\org\mockito\mockito-junit-jupiter\4.2.0\mockito-junit-jupiter-4.2.0.jar;C:\Users\Jánócsik Csaba\.m2\repository\org\mockito\mockito-core\4.2.0\mockito-core-4.2.0.jar;C:\Users\Jánócsik Csaba\.m2\repository\net\bytebuddy\byte-buddy\1.12.4\byte-buddy-1.12.4.jar;C:\Users\Jánócsik Csaba\.m2\repository\net\bytebuddy\byte-buddy-agent\1.12.4\byte-buddy-agent-1.12.4.jar;C:\Users\Jánócsik Csaba\.m2\repository\org\objenesis\objenesis\3.2\objenesis-3.2.jar;C:\Users\Jánócsik Csaba\.m2\repository\org\springframework\spring-context\5.3.14\spring-context-5.3.14.jar;C:\Users\Jánócsik Csaba\.m2\repository\org\springframework\spring-aop\5.3.14\spring-aop-5.3.14.jar;C:\Users\Jánócsik Csaba\.m2\repository\org\springframework\spring-beans\5.3.14\spring-beans-5.3.14.jar;C:\Users\Jánócsik Csaba\.m2\repository\org\springframework\spring-core\5.3.14\spring-core-5.3.14.jar;C:\Users\Jánócsik Csaba\.m2\repository\org\springframework\spring-jcl\5.3.14\spring-jcl-5.3.14.jar;C:\Users\Jánócsik Csaba\.m2\repository\org\springframework\spring-expression\5.3.14\spring-expression-5.3.14.jar;C:\Users\Jánócsik Csaba\.m2\repository\com\h2database\h2\2.0.204\h2-2.0.204.jar;C:\Users\Jánócsik Csaba\.m2\repository\commons-beanutils\commons-beanutils\20030211.134440\commons-beanutils-20030211.134440.jar;C:\Users\Jánócsik Csaba\.m2\repository\javax\annotation\javax.annotation-api\1.3.2\javax.annotation-api-1.3.2.jar;C:\Users\Jánócsik Csaba\.m2\repository\jakarta\xml\bind\jakarta.xml.bind-api\3.0.1\jakarta.xml.bind-api-3.0.1.jar;C:\Users\Jánócsik Csaba\.m2\repository\com\sun\activation\jakarta.activation\2.0.1\jakarta.activation-2.0.1.jar;C:\Users\Jánócsik Csaba\.m2\repository\com\sun\xml\bind\jaxb-impl\3.0.1\jaxb-impl-3.0.1.jar;C:\Users\Jánócsik Csaba\.m2\repository\com\sun\xml\bind\jaxb-core\3.0.1\jaxb-core-3.0.1.jar;"/>
    <property name="java.vm.vendor" value="Amazon.com Inc."/>
    <property name="sun.arch.data.model" value="64"/>
    <property name="user.variant" value=""/>
    <property name="java.vendor.url" value="https://aws.amazon.com/corretto/"/>
    <property name="user.timezone" value="Europe/Prague"/>
    <property name="java.vm.specification.version" value="11"/>
    <property name="os.name" value="Windows 10"/>
    <property name="sun.java.launcher" value="SUN_STANDARD"/>
    <property name="user.country" value="HU"/>
    <property name="sun.boot.library.path" value="C:\Users\Jánócsik Csaba\.jdks\corretto-11.0.13\bin"/>
    <property name="sun.java.command" value="C:\Users\Jánócsik Csaba\AppData\Local\Temp\surefire12674091188030432847\surefirebooter13136070038519672431.jar C:\Users\Jánócsik Csaba\AppData\Local\Temp\surefire12674091188030432847 2022-01-05T16-10-26_867-jvmRun1 surefire14044096900630703025tmp surefire_05823603775387813904tmp"/>
    <property name="jdk.debug" value="release"/>
    <property name="surefire.test.class.path" value="C:\Users\Jánócsik Csaba\IdeaProjects\battleship-vedes\target\test-classes;C:\Users\Jánócsik Csaba\IdeaProjects\battleship-vedes\target\classes;C:\Users\Jánócsik Csaba\.m2\repository\ch\qos\logback\logback-classic\1.2.10\logback-classic-1.2.10.jar;C:\Users\Jánócsik Csaba\.m2\repository\ch\qos\logback\logback-core\1.2.10\logback-core-1.2.10.jar;C:\Users\Jánócsik Csaba\.m2\repository\org\slf4j\slf4j-api\1.7.32\slf4j-api-1.7.32.jar;C:\Users\Jánócsik Csaba\.m2\repository\org\junit\jupiter\junit-jupiter-api\5.8.2\junit-jupiter-api-5.8.2.jar;C:\Users\Jánócsik Csaba\.m2\repository\org\opentest4j\opentest4j\1.2.0\opentest4j-1.2.0.jar;C:\Users\Jánócsik Csaba\.m2\repository\org\junit\platform\junit-platform-commons\1.8.2\junit-platform-commons-1.8.2.jar;C:\Users\Jánócsik Csaba\.m2\repository\org\apiguardian\apiguardian-api\1.1.2\apiguardian-api-1.1.2.jar;C:\Users\Jánócsik Csaba\.m2\repository\org\mockito\mockito-junit-jupiter\4.2.0\mockito-junit-jupiter-4.2.0.jar;C:\Users\Jánócsik Csaba\.m2\repository\org\mockito\mockito-core\4.2.0\mockito-core-4.2.0.jar;C:\Users\Jánócsik Csaba\.m2\repository\net\bytebuddy\byte-buddy\1.12.4\byte-buddy-1.12.4.jar;C:\Users\Jánócsik Csaba\.m2\repository\net\bytebuddy\byte-buddy-agent\1.12.4\byte-buddy-agent-1.12.4.jar;C:\Users\Jánócsik Csaba\.m2\repository\org\objenesis\objenesis\3.2\objenesis-3.2.jar;C:\Users\Jánócsik Csaba\.m2\repository\org\springframework\spring-context\5.3.14\spring-context-5.3.14.jar;C:\Users\Jánócsik Csaba\.m2\repository\org\springframework\spring-aop\5.3.14\spring-aop-5.3.14.jar;C:\Users\Jánócsik Csaba\.m2\repository\org\springframework\spring-beans\5.3.14\spring-beans-5.3.14.jar;C:\Users\Jánócsik Csaba\.m2\repository\org\springframework\spring-core\5.3.14\spring-core-5.3.14.jar;C:\Users\Jánócsik Csaba\.m2\repository\org\springframework\spring-jcl\5.3.14\spring-jcl-5.3.14.jar;C:\Users\Jánócsik Csaba\.m2\repository\org\springframework\spring-expression\5.3.14\spring-expression-5.3.14.jar;C:\Users\Jánócsik Csaba\.m2\repository\com\h2database\h2\2.0.204\h2-2.0.204.jar;C:\Users\Jánócsik Csaba\.m2\repository\commons-beanutils\commons-beanutils\20030211.134440\commons-beanutils-20030211.134440.jar;C:\Users\Jánócsik Csaba\.m2\repository\javax\annotation\javax.annotation-api\1.3.2\javax.annotation-api-1.3.2.jar;C:\Users\Jánócsik Csaba\.m2\repository\jakarta\xml\bind\jakarta.xml.bind-api\3.0.1\jakarta.xml.bind-api-3.0.1.jar;C:\Users\Jánócsik Csaba\.m2\repository\com\sun\activation\jakarta.activation\2.0.1\jakarta.activation-2.0.1.jar;C:\Users\Jánócsik Csaba\.m2\repository\com\sun\xml\bind\jaxb-impl\3.0.1\jaxb-impl-3.0.1.jar;C:\Users\Jánócsik Csaba\.m2\repository\com\sun\xml\bind\jaxb-core\3.0.1\jaxb-core-3.0.1.jar;"/>
    <property name="sun.cpu.endian" value="little"/>
    <property name="user.home" value="C:\Users\Jánócsik Csaba"/>
    <property name="user.language" value="hu"/>
    <property name="java.specification.vendor" value="Oracle Corporation"/>
    <property name="java.version.date" value="2021-10-19"/>
    <property name="java.home" value="C:\Users\Jánócsik Csaba\.jdks\corretto-11.0.13"/>
    <property name="file.separator" value="\"/>
    <property name="basedir" value="C:\Users\Jánócsik Csaba\IdeaProjects\battleship-vedes"/>
    <property name="java.vm.compressedOopsMode" value="32-bit"/>
    <property name="line.separator" value="&#10;"/>
    <property name="java.specification.name" value="Java Platform API Specification"/>
    <property name="java.vm.specification.vendor" value="Oracle Corporation"/>
    <property name="java.awt.graphicsenv" value="sun.awt.Win32GraphicsEnvironment"/>
    <property name="surefire.real.class.path" value="C:\Users\Jánócsik Csaba\AppData\Local\Temp\surefire12674091188030432847\surefirebooter13136070038519672431.jar"/>
    <property name="user.script" value=""/>
    <property name="sun.management.compiler" value="HotSpot 64-Bit Tiered Compilers"/>
    <property name="java.runtime.version" value="11.0.13+8-LTS"/>
    <property name="user.name" value="Jánócsik Csaba"/>
    <property name="path.separator" value=";"/>
    <property name="os.version" value="10.0"/>
    <property name="java.runtime.name" value="OpenJDK Runtime Environment"/>
    <property name="file.encoding" value="Cp1252"/>
    <property name="java.vm.name" value="OpenJDK 64-Bit Server VM"/>
    <property name="java.vendor.version" value="Corretto-11.0.13.8.1"/>
    <property name="localRepository" value="C:\Users\Jánócsik Csaba\.m2\repository"/>
    <property name="java.vendor.url.bug" value="https://github.com/corretto/corretto-11/issues/"/>
    <property name="java.io.tmpdir" value="C:\Users\JNCSIK~1\AppData\Local\Temp\"/>
    <property name="idea.version" value="2021.2.3"/>
    <property name="java.version" value="11.0.13"/>
    <property name="user.dir" value="C:\Users\Jánócsik Csaba\IdeaProjects\battleship-vedes"/>
    <property name="os.arch" value="amd64"/>
    <property name="java.vm.specification.name" value="Java Virtual Machine Specification"/>
    <property name="java.awt.printerjob" value="sun.awt.windows.WPrinterJob"/>
    <property name="sun.os.patch.level" value=""/>
    <property name="java.library.path" value="C:\Users\Jánócsik Csaba\.jdks\corretto-11.0.13\bin;C:\WINDOWS\Sun\Java\bin;C:\WINDOWS\system32;C:\WINDOWS;C:\Program Files (x86)\Common Files\Oracle\Java\javapath;C:\Program Files (x86)\Intel\iCLS Client\;C:\Program Files\Intel\iCLS Client\;C:\Windows\system32;C:\Windows;C:\Windows\System32\Wbem;C:\Windows\System32\WindowsPowerShell\v1.0\;C:\Program Files (x86)\NVIDIA Corporation\PhysX\Common;C:\Program Files (x86)\Intel\Intel(R) Management Engine Components\DAL;C:\Program Files\Intel\Intel(R) Management Engine Components\DAL;C:\Program Files (x86)\Intel\Intel(R) Management Engine Components\IPT;C:\Program Files\Intel\Intel(R) Management Engine Components\IPT;C:\Program Files\Intel\WiFi\bin\;C:\Program Files\Common Files\Intel\WirelessCommon\;C:\WINDOWS\system32;C:\WINDOWS;C:\WINDOWS\System32\Wbem;C:\WINDOWS\System32\WindowsPowerShell\v1.0\;C:\WINDOWS\System32\OpenSSH\;C:\Program Files\Java\jdk1.8.0_311\bin;C:\Program Files\Git\cmd;C:\Users\Jánócsik Csaba\AppData\Local\Microsoft\WindowsApps;;C:\Users\Jánócsik Csaba\AppData\Local\Programs\Microsoft VS Code\bin;."/>
    <property name="java.vm.info" value="mixed mode"/>
    <property name="java.vendor" value="Amazon.com Inc."/>
    <property name="java.vm.version" value="11.0.13+8-LTS"/>
    <property name="sun.io.unicode.encoding" value="UnicodeLittle"/>
    <property name="java.class.version" value="55.0"/>
  </properties>
  <testcase name="testSaveShouldCallMarshallerWhenThereIsNoException" classname="persistence.XmlGameSaveRepositoryTest" time="0.087"/>
  <testcase name="testSaveShouldThrowRuntimeExceptionWhenThereIsJAXBException" classname="persistence.XmlGameSaveRepositoryTest" time="0.012">
    <system-out><![CDATA[2022-01-05 16:10:35.905 [main] ERROR h.n.p.t.p.XmlGameSaveRepository - Error while saving gamestate to XML
jakarta.xml.bind.JAXBException: null
]]></system-out>
  </testcase>
  <testcase name="testLoadShouldThrowRuntimeExceptionWhenThereIsJAXBException" classname="persistence.XmlGameSaveRepositoryTest" time="0.003">
    <system-err><![CDATA[jakarta.xml.bind.JAXBException
]]></system-err>
  </testcase>
  <testcase name="testLoadShouldReturnCharMapWhenThereIsNoException" classname="persistence.XmlGameSaveRepositoryTest" time="0.005"/>
</testsuite>